  stdafx.cpp
  MarkingServer.cpp
C:\Users\Asus\Documents\VC\COMPUTER AND NETWORK SYSTEMS\Assignment 1\Assignment 1\MarkingServer\MarkingServer\MarkingServer.cpp(277,3): warning C4996: 'strcpy': This function or variable may be unsafe. Consider using strcpy_s instead. To disable deprecation, use _CRT_SECURE_NO_WARNINGS. See online help for details.
C:\Users\Asus\Documents\VC\COMPUTER AND NETWORK SYSTEMS\Assignment 1\Assignment 1\MarkingServer\MarkingServer\MarkingServer.cpp(278,3): warning C4996: 'strcpy': This function or variable may be unsafe. Consider using strcpy_s instead. To disable deprecation, use _CRT_SECURE_NO_WARNINGS. See online help for details.
C:\Users\Asus\Documents\VC\COMPUTER AND NETWORK SYSTEMS\Assignment 1\Assignment 1\MarkingServer\MarkingServer\MarkingServer.cpp(325,14): warning C4018: '<': signed/unsigned mismatch
C:\Users\Asus\Documents\VC\COMPUTER AND NETWORK SYSTEMS\Assignment 1\Assignment 1\MarkingServer\MarkingServer\MarkingServer.cpp(320,15): warning C4996: 'fopen': This function or variable may be unsafe. Consider using fopen_s instead. To disable deprecation, use _CRT_SECURE_NO_WARNINGS. See online help for details.
C:\Users\Asus\Documents\VC\COMPUTER AND NETWORK SYSTEMS\Assignment 1\Assignment 1\MarkingServer\MarkingServer\MarkingServer.cpp(323,19): warning C4996: 'ctime': This function or variable may be unsafe. Consider using ctime_s instead. To disable deprecation, use _CRT_SECURE_NO_WARNINGS. See online help for details.
C:\Users\Asus\Documents\VC\COMPUTER AND NETWORK SYSTEMS\Assignment 1\Assignment 1\MarkingServer\MarkingServer\MarkingServer.cpp(390,32): warning C4996: 'inet_addr': Use inet_pton() or InetPton() instead or define _WINSOCK_DEPRECATED_NO_WARNINGS to disable deprecated API warnings
C:\Users\Asus\Documents\VC\COMPUTER AND NETWORK SYSTEMS\Assignment 1\Assignment 1\MarkingServer\MarkingServer\MarkingServer.cpp(409,37): warning C4996: 'inet_ntoa': Use inet_ntop() or InetNtop() instead or define _WINSOCK_DEPRECATED_NO_WARNINGS to disable deprecated API warnings
C:\Users\Asus\Documents\VC\COMPUTER AND NETWORK SYSTEMS\Assignment 1\Assignment 1\MarkingServer\MarkingServer\MarkingServer.cpp(411,34): warning C4996: 'inet_ntoa': Use inet_ntop() or InetNtop() instead or define _WINSOCK_DEPRECATED_NO_WARNINGS to disable deprecated API warnings
C:\Users\Asus\Documents\VC\COMPUTER AND NETWORK SYSTEMS\Assignment 1\Assignment 1\MarkingServer\MarkingServer\MarkingServer.cpp(415,9): warning C4996: 'sscanf': This function or variable may be unsafe. Consider using sscanf_s instead. To disable deprecation, use _CRT_SECURE_NO_WARNINGS. See online help for details.
C:\Users\Asus\Documents\VC\COMPUTER AND NETWORK SYSTEMS\Assignment 1\Assignment 1\MarkingServer\MarkingServer\MarkingServer.cpp(419,6): warning C4996: 'strcpy': This function or variable may be unsafe. Consider using strcpy_s instead. To disable deprecation, use _CRT_SECURE_NO_WARNINGS. See online help for details.
C:\Users\Asus\Documents\VC\COMPUTER AND NETWORK SYSTEMS\Assignment 1\Assignment 1\MarkingServer\MarkingServer\MarkingServer.cpp(420,6): warning C4996: 'strcpy': This function or variable may be unsafe. Consider using strcpy_s instead. To disable deprecation, use _CRT_SECURE_NO_WARNINGS. See online help for details.
C:\Users\Asus\Documents\VC\COMPUTER AND NETWORK SYSTEMS\Assignment 1\Assignment 1\MarkingServer\MarkingServer\MarkingServer.cpp(424,14): warning C4996: 'sscanf': This function or variable may be unsafe. Consider using sscanf_s instead. To disable deprecation, use _CRT_SECURE_NO_WARNINGS. See online help for details.
C:\Users\Asus\Documents\VC\COMPUTER AND NETWORK SYSTEMS\Assignment 1\Assignment 1\MarkingServer\MarkingServer\MarkingServer.cpp(486,6): warning C4996: 'strcpy': This function or variable may be unsafe. Consider using strcpy_s instead. To disable deprecation, use _CRT_SECURE_NO_WARNINGS. See online help for details.
C:\Users\Asus\Documents\VC\COMPUTER AND NETWORK SYSTEMS\Assignment 1\Assignment 1\MarkingServer\MarkingServer\MarkingServer.cpp(496,6): warning C4996: 'sprintf': This function or variable may be unsafe. Consider using sprintf_s instead. To disable deprecation, use _CRT_SECURE_NO_WARNINGS. See online help for details.
C:\Users\Asus\Documents\VC\COMPUTER AND NETWORK SYSTEMS\Assignment 1\Assignment 1\MarkingServer\MarkingServer\MarkingServer.cpp(503,6): warning C4996: 'sprintf': This function or variable may be unsafe. Consider using sprintf_s instead. To disable deprecation, use _CRT_SECURE_NO_WARNINGS. See online help for details.
C:\Users\Asus\Documents\VC\COMPUTER AND NETWORK SYSTEMS\Assignment 1\Assignment 1\MarkingServer\MarkingServer\MarkingServer.cpp(515,5): warning C4996: 'strcpy': This function or variable may be unsafe. Consider using strcpy_s instead. To disable deprecation, use _CRT_SECURE_NO_WARNINGS. See online help for details.
C:\Users\Asus\Documents\VC\COMPUTER AND NETWORK SYSTEMS\Assignment 1\Assignment 1\MarkingServer\MarkingServer\MarkingServer.cpp(363,8): warning C4101: 'ofp': unreferenced local variable
  MarkingServer.vcxproj -> C:\Users\Asus\Documents\VC\COMPUTER AND NETWORK SYSTEMS\Assignment 1\Assignment 1\MarkingServer\Debug\MarkingServer.exe
