  stdafx.cpp
  Emulator.cpp
C:\Users\Asus\Documents\VC\COMPUTER AND NETWORK SYSTEMS\Assignments\Assignment 1\Assignment 1\Emulator\Emulator\Emulator.cpp(484,27): warning C4244: '=': conversion from 'unsigned short' to 'unsigned char', possible loss of data
C:\Users\Asus\Documents\VC\COMPUTER AND NETWORK SYSTEMS\Assignments\Assignment 1\Assignment 1\Emulator\Emulator\Emulator.cpp(493,27): warning C4244: '=': conversion from 'unsigned short' to 'unsigned char', possible loss of data
C:\Users\Asus\Documents\VC\COMPUTER AND NETWORK SYSTEMS\Assignments\Assignment 1\Assignment 1\Emulator\Emulator\Emulator.cpp(502,27): warning C4244: '=': conversion from 'unsigned short' to 'unsigned char', possible loss of data
C:\Users\Asus\Documents\VC\COMPUTER AND NETWORK SYSTEMS\Assignments\Assignment 1\Assignment 1\Emulator\Emulator\Emulator.cpp(511,27): warning C4244: '=': conversion from 'unsigned short' to 'unsigned char', possible loss of data
C:\Users\Asus\Documents\VC\COMPUTER AND NETWORK SYSTEMS\Assignments\Assignment 1\Assignment 1\Emulator\Emulator\Emulator.cpp(520,27): warning C4244: '=': conversion from 'unsigned short' to 'unsigned char', possible loss of data
C:\Users\Asus\Documents\VC\COMPUTER AND NETWORK SYSTEMS\Assignments\Assignment 1\Assignment 1\Emulator\Emulator\Emulator.cpp(535,27): warning C4244: '=': conversion from 'unsigned short' to 'unsigned char', possible loss of data
C:\Users\Asus\Documents\VC\COMPUTER AND NETWORK SYSTEMS\Assignments\Assignment 1\Assignment 1\Emulator\Emulator\Emulator.cpp(618,19): warning C4244: '=': conversion from 'unsigned short' to 'unsigned char', possible loss of data
C:\Users\Asus\Documents\VC\COMPUTER AND NETWORK SYSTEMS\Assignments\Assignment 1\Assignment 1\Emulator\Emulator\Emulator.cpp(1012,22): warning C4244: '=': conversion from 'unsigned short' to 'unsigned char', possible loss of data
C:\Users\Asus\Documents\VC\COMPUTER AND NETWORK SYSTEMS\Assignments\Assignment 1\Assignment 1\Emulator\Emulator\Emulator.cpp(1021,22): warning C4244: '=': conversion from 'unsigned short' to 'unsigned char', possible loss of data
C:\Users\Asus\Documents\VC\COMPUTER AND NETWORK SYSTEMS\Assignments\Assignment 1\Assignment 1\Emulator\Emulator\Emulator.cpp(1027,22): warning C4244: '=': conversion from 'unsigned short' to 'unsigned char', possible loss of data
C:\Users\Asus\Documents\VC\COMPUTER AND NETWORK SYSTEMS\Assignments\Assignment 1\Assignment 1\Emulator\Emulator\Emulator.cpp(1038,22): warning C4244: '=': conversion from 'unsigned short' to 'unsigned char', possible loss of data
C:\Users\Asus\Documents\VC\COMPUTER AND NETWORK SYSTEMS\Assignments\Assignment 1\Assignment 1\Emulator\Emulator\Emulator.cpp(1052,22): warning C4244: '=': conversion from 'unsigned short' to 'unsigned char', possible loss of data
C:\Users\Asus\Documents\VC\COMPUTER AND NETWORK SYSTEMS\Assignments\Assignment 1\Assignment 1\Emulator\Emulator\Emulator.cpp(1607,13): warning C4996: 'fopen': This function or variable may be unsafe. Consider using fopen_s instead. To disable deprecation, use _CRT_SECURE_NO_WARNINGS. See online help for details.
C:\Users\Asus\Documents\VC\COMPUTER AND NETWORK SYSTEMS\Assignments\Assignment 1\Assignment 1\Emulator\Emulator\Emulator.cpp(1621,13): warning C4996: 'fopen': This function or variable may be unsafe. Consider using fopen_s instead. To disable deprecation, use _CRT_SECURE_NO_WARNINGS. See online help for details.
C:\Users\Asus\Documents\VC\COMPUTER AND NETWORK SYSTEMS\Assignments\Assignment 1\Assignment 1\Emulator\Emulator\Emulator.cpp(1690,19): warning C4244: '=': conversion from '_TCHAR' to 'char', possible loss of data
C:\Users\Asus\Documents\VC\COMPUTER AND NETWORK SYSTEMS\Assignments\Assignment 1\Assignment 1\Emulator\Emulator\Emulator.cpp(1699,20): warning C4244: '=': conversion from '_TCHAR' to 'char', possible loss of data
C:\Users\Asus\Documents\VC\COMPUTER AND NETWORK SYSTEMS\Assignments\Assignment 1\Assignment 1\Emulator\Emulator\Emulator.cpp(1780,14): warning C4996: 'fopen': This function or variable may be unsafe. Consider using fopen_s instead. To disable deprecation, use _CRT_SECURE_NO_WARNINGS. See online help for details.
C:\Users\Asus\Documents\VC\COMPUTER AND NETWORK SYSTEMS\Assignments\Assignment 1\Assignment 1\Emulator\Emulator\Emulator.cpp(1786,9): warning C4996: 'sscanf': This function or variable may be unsafe. Consider using sscanf_s instead. To disable deprecation, use _CRT_SECURE_NO_WARNINGS. See online help for details.
C:\Users\Asus\Documents\VC\COMPUTER AND NETWORK SYSTEMS\Assignments\Assignment 1\Assignment 1\Emulator\Emulator\Emulator.cpp(1789,14): warning C4996: 'sscanf': This function or variable may be unsafe. Consider using sscanf_s instead. To disable deprecation, use _CRT_SECURE_NO_WARNINGS. See online help for details.
C:\Users\Asus\Documents\VC\COMPUTER AND NETWORK SYSTEMS\Assignments\Assignment 1\Assignment 1\Emulator\Emulator\Emulator.cpp(1817,2): warning C4996: 'sprintf': This function or variable may be unsafe. Consider using sprintf_s instead. To disable deprecation, use _CRT_SECURE_NO_WARNINGS. See online help for details.
C:\Users\Asus\Documents\VC\COMPUTER AND NETWORK SYSTEMS\Assignments\Assignment 1\Assignment 1\Emulator\Emulator\Emulator.cpp(1856,2): warning C4996: 'sprintf': This function or variable may be unsafe. Consider using sprintf_s instead. To disable deprecation, use _CRT_SECURE_NO_WARNINGS. See online help for details.
C:\Users\Asus\Documents\VC\COMPUTER AND NETWORK SYSTEMS\Assignments\Assignment 1\Assignment 1\Emulator\Emulator\Emulator.cpp(1866,8): warning C4996: 'sscanf': This function or variable may be unsafe. Consider using sscanf_s instead. To disable deprecation, use _CRT_SECURE_NO_WARNINGS. See online help for details.
C:\Users\Asus\Documents\VC\COMPUTER AND NETWORK SYSTEMS\Assignments\Assignment 1\Assignment 1\Emulator\Emulator\Emulator.cpp(1871,13): warning C4996: 'sscanf': This function or variable may be unsafe. Consider using sscanf_s instead. To disable deprecation, use _CRT_SECURE_NO_WARNINGS. See online help for details.
C:\Users\Asus\Documents\VC\COMPUTER AND NETWORK SYSTEMS\Assignments\Assignment 1\Assignment 1\Emulator\Emulator\Emulator.cpp(1913,11): warning C4996: 'sscanf': This function or variable may be unsafe. Consider using sscanf_s instead. To disable deprecation, use _CRT_SECURE_NO_WARNINGS. See online help for details.
C:\Users\Asus\Documents\VC\COMPUTER AND NETWORK SYSTEMS\Assignments\Assignment 1\Assignment 1\Emulator\Emulator\Emulator.cpp(1916,16): warning C4996: 'sscanf': This function or variable may be unsafe. Consider using sscanf_s instead. To disable deprecation, use _CRT_SECURE_NO_WARNINGS. See online help for details.
C:\Users\Asus\Documents\VC\COMPUTER AND NETWORK SYSTEMS\Assignments\Assignment 1\Assignment 1\Emulator\Emulator\Emulator.cpp(1942,6): warning C4996: 'sprintf': This function or variable may be unsafe. Consider using sprintf_s instead. To disable deprecation, use _CRT_SECURE_NO_WARNINGS. See online help for details.
C:\Users\Asus\Documents\VC\COMPUTER AND NETWORK SYSTEMS\Assignments\Assignment 1\Assignment 1\Emulator\Emulator\Emulator.cpp(1986,32): warning C4996: 'inet_addr': Use inet_pton() or InetPton() instead or define _WINSOCK_DEPRECATED_NO_WARNINGS to disable deprecated API warnings
C:\Users\Asus\Documents\VC\COMPUTER AND NETWORK SYSTEMS\Assignments\Assignment 1\Assignment 1\Emulator\Emulator\Emulator.cpp(1991,32): warning C4996: 'inet_addr': Use inet_pton() or InetPton() instead or define _WINSOCK_DEPRECATED_NO_WARNINGS to disable deprecated API warnings
  Emulator.vcxproj -> C:\Users\Asus\Documents\VC\COMPUTER AND NETWORK SYSTEMS\Assignments\Assignment 1\Assignment 1\Emulator\Debug\Emulator.exe
