  Emulator.cpp
C:\Users\Asus\Documents\VC\COMPUTER AND NETWORK SYSTEMS\Assignment 1 WORKING\Assignment 1\Emulator\Emulator\Emulator.cpp(486,27): warning C4244: '=': conversion from 'unsigned short' to 'unsigned char', possible loss of data
C:\Users\Asus\Documents\VC\COMPUTER AND NETWORK SYSTEMS\Assignment 1 WORKING\Assignment 1\Emulator\Emulator\Emulator.cpp(497,27): warning C4244: '=': conversion from 'unsigned short' to 'unsigned char', possible loss of data
C:\Users\Asus\Documents\VC\COMPUTER AND NETWORK SYSTEMS\Assignment 1 WORKING\Assignment 1\Emulator\Emulator\Emulator.cpp(508,27): warning C4244: '=': conversion from 'unsigned short' to 'unsigned char', possible loss of data
C:\Users\Asus\Documents\VC\COMPUTER AND NETWORK SYSTEMS\Assignment 1 WORKING\Assignment 1\Emulator\Emulator\Emulator.cpp(519,27): warning C4244: '=': conversion from 'unsigned short' to 'unsigned char', possible loss of data
C:\Users\Asus\Documents\VC\COMPUTER AND NETWORK SYSTEMS\Assignment 1 WORKING\Assignment 1\Emulator\Emulator\Emulator.cpp(530,27): warning C4244: '=': conversion from 'unsigned short' to 'unsigned char', possible loss of data
C:\Users\Asus\Documents\VC\COMPUTER AND NETWORK SYSTEMS\Assignment 1 WORKING\Assignment 1\Emulator\Emulator\Emulator.cpp(547,27): warning C4244: '=': conversion from 'unsigned short' to 'unsigned char', possible loss of data
C:\Users\Asus\Documents\VC\COMPUTER AND NETWORK SYSTEMS\Assignment 1 WORKING\Assignment 1\Emulator\Emulator\Emulator.cpp(652,19): warning C4244: '=': conversion from 'unsigned short' to 'unsigned char', possible loss of data
C:\Users\Asus\Documents\VC\COMPUTER AND NETWORK SYSTEMS\Assignment 1 WORKING\Assignment 1\Emulator\Emulator\Emulator.cpp(1131,22): warning C4244: '=': conversion from 'unsigned short' to 'unsigned char', possible loss of data
C:\Users\Asus\Documents\VC\COMPUTER AND NETWORK SYSTEMS\Assignment 1 WORKING\Assignment 1\Emulator\Emulator\Emulator.cpp(1145,22): warning C4244: '=': conversion from 'unsigned short' to 'unsigned char', possible loss of data
C:\Users\Asus\Documents\VC\COMPUTER AND NETWORK SYSTEMS\Assignment 1 WORKING\Assignment 1\Emulator\Emulator\Emulator.cpp(1156,22): warning C4244: '=': conversion from 'unsigned short' to 'unsigned char', possible loss of data
C:\Users\Asus\Documents\VC\COMPUTER AND NETWORK SYSTEMS\Assignment 1 WORKING\Assignment 1\Emulator\Emulator\Emulator.cpp(1172,22): warning C4244: '=': conversion from 'unsigned short' to 'unsigned char', possible loss of data
C:\Users\Asus\Documents\VC\COMPUTER AND NETWORK SYSTEMS\Assignment 1 WORKING\Assignment 1\Emulator\Emulator\Emulator.cpp(1189,22): warning C4244: '=': conversion from 'unsigned short' to 'unsigned char', possible loss of data
C:\Users\Asus\Documents\VC\COMPUTER AND NETWORK SYSTEMS\Assignment 1 WORKING\Assignment 1\Emulator\Emulator\Emulator.cpp(2327,30): warning C4554: '&': check operator precedence for possible error; use parentheses to clarify precedence
C:\Users\Asus\Documents\VC\COMPUTER AND NETWORK SYSTEMS\Assignment 1 WORKING\Assignment 1\Emulator\Emulator\Emulator.cpp(2348,30): warning C4554: '&': check operator precedence for possible error; use parentheses to clarify precedence
C:\Users\Asus\Documents\VC\COMPUTER AND NETWORK SYSTEMS\Assignment 1 WORKING\Assignment 1\Emulator\Emulator\Emulator.cpp(2372,30): warning C4554: '&': check operator precedence for possible error; use parentheses to clarify precedence
C:\Users\Asus\Documents\VC\COMPUTER AND NETWORK SYSTEMS\Assignment 1 WORKING\Assignment 1\Emulator\Emulator\Emulator.cpp(2656,13): warning C4996: 'fopen': This function or variable may be unsafe. Consider using fopen_s instead. To disable deprecation, use _CRT_SECURE_NO_WARNINGS. See online help for details.
C:\Users\Asus\Documents\VC\COMPUTER AND NETWORK SYSTEMS\Assignment 1 WORKING\Assignment 1\Emulator\Emulator\Emulator.cpp(2670,13): warning C4996: 'fopen': This function or variable may be unsafe. Consider using fopen_s instead. To disable deprecation, use _CRT_SECURE_NO_WARNINGS. See online help for details.
C:\Users\Asus\Documents\VC\COMPUTER AND NETWORK SYSTEMS\Assignment 1 WORKING\Assignment 1\Emulator\Emulator\Emulator.cpp(2739,19): warning C4244: '=': conversion from '_TCHAR' to 'char', possible loss of data
C:\Users\Asus\Documents\VC\COMPUTER AND NETWORK SYSTEMS\Assignment 1 WORKING\Assignment 1\Emulator\Emulator\Emulator.cpp(2748,20): warning C4244: '=': conversion from '_TCHAR' to 'char', possible loss of data
C:\Users\Asus\Documents\VC\COMPUTER AND NETWORK SYSTEMS\Assignment 1 WORKING\Assignment 1\Emulator\Emulator\Emulator.cpp(2829,14): warning C4996: 'fopen': This function or variable may be unsafe. Consider using fopen_s instead. To disable deprecation, use _CRT_SECURE_NO_WARNINGS. See online help for details.
C:\Users\Asus\Documents\VC\COMPUTER AND NETWORK SYSTEMS\Assignment 1 WORKING\Assignment 1\Emulator\Emulator\Emulator.cpp(2835,9): warning C4996: 'sscanf': This function or variable may be unsafe. Consider using sscanf_s instead. To disable deprecation, use _CRT_SECURE_NO_WARNINGS. See online help for details.
C:\Users\Asus\Documents\VC\COMPUTER AND NETWORK SYSTEMS\Assignment 1 WORKING\Assignment 1\Emulator\Emulator\Emulator.cpp(2838,14): warning C4996: 'sscanf': This function or variable may be unsafe. Consider using sscanf_s instead. To disable deprecation, use _CRT_SECURE_NO_WARNINGS. See online help for details.
C:\Users\Asus\Documents\VC\COMPUTER AND NETWORK SYSTEMS\Assignment 1 WORKING\Assignment 1\Emulator\Emulator\Emulator.cpp(2866,2): warning C4996: 'sprintf': This function or variable may be unsafe. Consider using sprintf_s instead. To disable deprecation, use _CRT_SECURE_NO_WARNINGS. See online help for details.
C:\Users\Asus\Documents\VC\COMPUTER AND NETWORK SYSTEMS\Assignment 1 WORKING\Assignment 1\Emulator\Emulator\Emulator.cpp(2905,2): warning C4996: 'sprintf': This function or variable may be unsafe. Consider using sprintf_s instead. To disable deprecation, use _CRT_SECURE_NO_WARNINGS. See online help for details.
C:\Users\Asus\Documents\VC\COMPUTER AND NETWORK SYSTEMS\Assignment 1 WORKING\Assignment 1\Emulator\Emulator\Emulator.cpp(2915,8): warning C4996: 'sscanf': This function or variable may be unsafe. Consider using sscanf_s instead. To disable deprecation, use _CRT_SECURE_NO_WARNINGS. See online help for details.
C:\Users\Asus\Documents\VC\COMPUTER AND NETWORK SYSTEMS\Assignment 1 WORKING\Assignment 1\Emulator\Emulator\Emulator.cpp(2920,13): warning C4996: 'sscanf': This function or variable may be unsafe. Consider using sscanf_s instead. To disable deprecation, use _CRT_SECURE_NO_WARNINGS. See online help for details.
C:\Users\Asus\Documents\VC\COMPUTER AND NETWORK SYSTEMS\Assignment 1 WORKING\Assignment 1\Emulator\Emulator\Emulator.cpp(2962,11): warning C4996: 'sscanf': This function or variable may be unsafe. Consider using sscanf_s instead. To disable deprecation, use _CRT_SECURE_NO_WARNINGS. See online help for details.
C:\Users\Asus\Documents\VC\COMPUTER AND NETWORK SYSTEMS\Assignment 1 WORKING\Assignment 1\Emulator\Emulator\Emulator.cpp(2965,16): warning C4996: 'sscanf': This function or variable may be unsafe. Consider using sscanf_s instead. To disable deprecation, use _CRT_SECURE_NO_WARNINGS. See online help for details.
C:\Users\Asus\Documents\VC\COMPUTER AND NETWORK SYSTEMS\Assignment 1 WORKING\Assignment 1\Emulator\Emulator\Emulator.cpp(2991,6): warning C4996: 'sprintf': This function or variable may be unsafe. Consider using sprintf_s instead. To disable deprecation, use _CRT_SECURE_NO_WARNINGS. See online help for details.
C:\Users\Asus\Documents\VC\COMPUTER AND NETWORK SYSTEMS\Assignment 1 WORKING\Assignment 1\Emulator\Emulator\Emulator.cpp(3035,32): warning C4996: 'inet_addr': Use inet_pton() or InetPton() instead or define _WINSOCK_DEPRECATED_NO_WARNINGS to disable deprecated API warnings
C:\Users\Asus\Documents\VC\COMPUTER AND NETWORK SYSTEMS\Assignment 1 WORKING\Assignment 1\Emulator\Emulator\Emulator.cpp(3040,32): warning C4996: 'inet_addr': Use inet_pton() or InetPton() instead or define _WINSOCK_DEPRECATED_NO_WARNINGS to disable deprecated API warnings
  Emulator.vcxproj -> C:\Users\Asus\Documents\VC\COMPUTER AND NETWORK SYSTEMS\Assignment 1 WORKING\Assignment 1\Emulator\Debug\Emulator.exe
